{"D:\\Programming\\projects\\e-commerce-app\\config\\databaseUri.js": {"path":"D:\\Programming\\projects\\e-commerce-app\\config\\databaseUri.js","statementMap":{"0":{"start":{"line":8,"column":41},"end":{"line":13,"column":1}},"1":{"start":{"line":21,"column":4},"end":{"line":21,"column":114}},"2":{"start":{"line":24,"column":0},"end":{"line":24,"column":59}}},"fnMap":{"0":{"name":"getDbUri","decl":{"start":{"line":20,"column":9},"end":{"line":20,"column":17}},"loc":{"start":{"line":20,"column":28},"end":{"line":22,"column":1}},"line":20}},"branchMap":{},"s":{"0":3,"1":3,"2":3},"f":{"0":3},"b":{},"_coverageSchema":"1a1c01bbd47fc00a2c39e90264f33305004495a9","hash":"10f0755b28d8e4234ef27b5c5b76ea7108123529"}
,"D:\\Programming\\projects\\e-commerce-app\\config\\index.js": {"path":"D:\\Programming\\projects\\e-commerce-app\\config\\index.js","statementMap":{"0":{"start":{"line":1,"column":0},"end":{"line":5,"column":1}}},"fnMap":{},"branchMap":{},"s":{"0":3},"f":{},"b":{},"_coverageSchema":"1a1c01bbd47fc00a2c39e90264f33305004495a9","hash":"d96cb94ab542432585f99e723918eb45cf862c45"}
,"D:\\Programming\\projects\\e-commerce-app\\config\\constants\\index.js": {"path":"D:\\Programming\\projects\\e-commerce-app\\config\\constants\\index.js","statementMap":{"0":{"start":{"line":1,"column":0},"end":{"line":25,"column":1}}},"fnMap":{},"branchMap":{},"s":{"0":3},"f":{},"b":{},"_coverageSchema":"1a1c01bbd47fc00a2c39e90264f33305004495a9","hash":"20c6296bb52f6a8c5dc23157217ae7ec54e290c8"}
,"D:\\Programming\\projects\\e-commerce-app\\errors\\BaseError.js": {"path":"D:\\Programming\\projects\\e-commerce-app\\errors\\BaseError.js","statementMap":{"0":{"start":{"line":1,"column":25},"end":{"line":1,"column":55}},"1":{"start":{"line":2,"column":0},"end":{"line":8,"column":1}},"2":{"start":{"line":3,"column":11},"end":{"line":3,"column":31}},"3":{"start":{"line":5,"column":8},"end":{"line":5,"column":23}},"4":{"start":{"line":6,"column":8},"end":{"line":6,"column":28}}},"fnMap":{"0":{"name":"(anonymous_0)","decl":{"start":{"line":4,"column":4},"end":{"line":4,"column":5}},"loc":{"start":{"line":4,"column":57},"end":{"line":7,"column":5}},"line":4}},"branchMap":{"0":{"loc":{"start":{"line":4,"column":25},"end":{"line":4,"column":55}},"type":"default-arg","locations":[{"start":{"line":4,"column":35},"end":{"line":4,"column":55}}],"line":4}},"s":{"0":3,"1":3,"2":7,"3":7,"4":7},"f":{"0":7},"b":{"0":[0]},"_coverageSchema":"1a1c01bbd47fc00a2c39e90264f33305004495a9","hash":"e1f410796feb285cc0c87d0b13be13a3cc4cf535"}
,"D:\\Programming\\projects\\e-commerce-app\\errors\\ForbiddenError.js": {"path":"D:\\Programming\\projects\\e-commerce-app\\errors\\ForbiddenError.js","statementMap":{"0":{"start":{"line":1,"column":18},"end":{"line":1,"column":40}},"1":{"start":{"line":2,"column":25},"end":{"line":2,"column":55}},"2":{"start":{"line":3,"column":0},"end":{"line":7,"column":1}},"3":{"start":{"line":5,"column":8},"end":{"line":5,"column":47}}},"fnMap":{"0":{"name":"(anonymous_0)","decl":{"start":{"line":4,"column":4},"end":{"line":4,"column":5}},"loc":{"start":{"line":4,"column":25},"end":{"line":6,"column":5}},"line":4}},"branchMap":{},"s":{"0":3,"1":3,"2":3,"3":0},"f":{"0":0},"b":{},"_coverageSchema":"1a1c01bbd47fc00a2c39e90264f33305004495a9","hash":"098bfc6f9e475f5697cd1e09c7056653853d58f6"}
,"D:\\Programming\\projects\\e-commerce-app\\errors\\InternalServerError.js": {"path":"D:\\Programming\\projects\\e-commerce-app\\errors\\InternalServerError.js","statementMap":{"0":{"start":{"line":1,"column":18},"end":{"line":1,"column":40}},"1":{"start":{"line":2,"column":25},"end":{"line":2,"column":55}},"2":{"start":{"line":3,"column":0},"end":{"line":7,"column":1}},"3":{"start":{"line":5,"column":8},"end":{"line":5,"column":56}}},"fnMap":{"0":{"name":"(anonymous_0)","decl":{"start":{"line":4,"column":4},"end":{"line":4,"column":5}},"loc":{"start":{"line":4,"column":25},"end":{"line":6,"column":5}},"line":4}},"branchMap":{},"s":{"0":3,"1":3,"2":3,"3":0},"f":{"0":0},"b":{},"_coverageSchema":"1a1c01bbd47fc00a2c39e90264f33305004495a9","hash":"fc8ec81f5a23a9b2100cd5d176bdc12b5f4b6e44"}
,"D:\\Programming\\projects\\e-commerce-app\\errors\\InvalidDuplicateEntryError.js": {"path":"D:\\Programming\\projects\\e-commerce-app\\errors\\InvalidDuplicateEntryError.js","statementMap":{"0":{"start":{"line":1,"column":18},"end":{"line":1,"column":40}},"1":{"start":{"line":2,"column":25},"end":{"line":2,"column":55}},"2":{"start":{"line":3,"column":0},"end":{"line":7,"column":1}},"3":{"start":{"line":5,"column":8},"end":{"line":5,"column":59}}},"fnMap":{"0":{"name":"(anonymous_0)","decl":{"start":{"line":4,"column":4},"end":{"line":4,"column":5}},"loc":{"start":{"line":4,"column":25},"end":{"line":6,"column":5}},"line":4}},"branchMap":{},"s":{"0":3,"1":3,"2":3,"3":2},"f":{"0":2},"b":{},"_coverageSchema":"1a1c01bbd47fc00a2c39e90264f33305004495a9","hash":"c987cd4e3d0c6df1ffb6a9cf7311547125e57c50"}
,"D:\\Programming\\projects\\e-commerce-app\\errors\\NotAuthenticatedError.js": {"path":"D:\\Programming\\projects\\e-commerce-app\\errors\\NotAuthenticatedError.js","statementMap":{"0":{"start":{"line":1,"column":18},"end":{"line":1,"column":40}},"1":{"start":{"line":2,"column":25},"end":{"line":2,"column":55}},"2":{"start":{"line":3,"column":0},"end":{"line":7,"column":1}},"3":{"start":{"line":5,"column":8},"end":{"line":5,"column":54}}},"fnMap":{"0":{"name":"(anonymous_0)","decl":{"start":{"line":4,"column":4},"end":{"line":4,"column":5}},"loc":{"start":{"line":4,"column":25},"end":{"line":6,"column":5}},"line":4}},"branchMap":{},"s":{"0":3,"1":3,"2":3,"3":1},"f":{"0":1},"b":{},"_coverageSchema":"1a1c01bbd47fc00a2c39e90264f33305004495a9","hash":"e7829799ea4a329c6d773b8c39ac48a60ba5edd8"}
,"D:\\Programming\\projects\\e-commerce-app\\errors\\NotFoundError.js": {"path":"D:\\Programming\\projects\\e-commerce-app\\errors\\NotFoundError.js","statementMap":{"0":{"start":{"line":1,"column":18},"end":{"line":1,"column":40}},"1":{"start":{"line":2,"column":25},"end":{"line":2,"column":55}},"2":{"start":{"line":3,"column":0},"end":{"line":7,"column":1}},"3":{"start":{"line":5,"column":8},"end":{"line":5,"column":51}}},"fnMap":{"0":{"name":"(anonymous_0)","decl":{"start":{"line":4,"column":4},"end":{"line":4,"column":5}},"loc":{"start":{"line":4,"column":25},"end":{"line":6,"column":5}},"line":4}},"branchMap":{},"s":{"0":3,"1":3,"2":3,"3":1},"f":{"0":1},"b":{},"_coverageSchema":"1a1c01bbd47fc00a2c39e90264f33305004495a9","hash":"bcf29bfe94dfdeab8e113c1fc28ce3286f623c9e"}
,"D:\\Programming\\projects\\e-commerce-app\\errors\\ValidationError.js": {"path":"D:\\Programming\\projects\\e-commerce-app\\errors\\ValidationError.js","statementMap":{"0":{"start":{"line":1,"column":18},"end":{"line":1,"column":40}},"1":{"start":{"line":2,"column":25},"end":{"line":2,"column":55}},"2":{"start":{"line":3,"column":0},"end":{"line":16,"column":1}},"3":{"start":{"line":5,"column":8},"end":{"line":5,"column":53}},"4":{"start":{"line":6,"column":8},"end":{"line":6,"column":30}},"5":{"start":{"line":10,"column":8},"end":{"line":14,"column":9}}},"fnMap":{"0":{"name":"(anonymous_0)","decl":{"start":{"line":4,"column":4},"end":{"line":4,"column":5}},"loc":{"start":{"line":4,"column":41},"end":{"line":7,"column":5}},"line":4},"1":{"name":"(anonymous_1)","decl":{"start":{"line":9,"column":4},"end":{"line":9,"column":5}},"loc":{"start":{"line":9,"column":13},"end":{"line":15,"column":5}},"line":9}},"branchMap":{"0":{"loc":{"start":{"line":4,"column":25},"end":{"line":4,"column":39}},"type":"default-arg","locations":[{"start":{"line":4,"column":35},"end":{"line":4,"column":39}}],"line":4}},"s":{"0":3,"1":3,"2":3,"3":3,"4":3,"5":0},"f":{"0":3,"1":0},"b":{"0":[0]},"_coverageSchema":"1a1c01bbd47fc00a2c39e90264f33305004495a9","hash":"8c6a6c16ef19761041c9bf0f03e03a5cc748901e"}
,"D:\\Programming\\projects\\e-commerce-app\\errors\\index.js": {"path":"D:\\Programming\\projects\\e-commerce-app\\errors\\index.js","statementMap":{"0":{"start":{"line":1,"column":0},"end":{"line":9,"column":1}}},"fnMap":{},"branchMap":{},"s":{"0":3},"f":{},"b":{},"_coverageSchema":"1a1c01bbd47fc00a2c39e90264f33305004495a9","hash":"1d579a68dc8a3d33fa9c569ee87f1791f04addd8"}
,"D:\\Programming\\projects\\e-commerce-app\\middleware\\verifyUserToken.js": {"path":"D:\\Programming\\projects\\e-commerce-app\\middleware\\verifyUserToken.js","statementMap":{"0":{"start":{"line":1,"column":25},"end":{"line":1,"column":45}},"1":{"start":{"line":2,"column":21},"end":{"line":2,"column":44}},"2":{"start":{"line":3,"column":33},"end":{"line":3,"column":53}},"3":{"start":{"line":4,"column":0},"end":{"line":12,"column":1}},"4":{"start":{"line":5,"column":4},"end":{"line":11,"column":5}},"5":{"start":{"line":6,"column":8},"end":{"line":6,"column":76}},"6":{"start":{"line":6,"column":24},"end":{"line":6,"column":76}},"7":{"start":{"line":7,"column":19},"end":{"line":7,"column":63}},"8":{"start":{"line":8,"column":8},"end":{"line":8,"column":20}},"9":{"start":{"line":10,"column":8},"end":{"line":10,"column":56}}},"fnMap":{"0":{"name":"(anonymous_0)","decl":{"start":{"line":4,"column":17},"end":{"line":4,"column":18}},"loc":{"start":{"line":4,"column":38},"end":{"line":12,"column":1}},"line":4}},"branchMap":{"0":{"loc":{"start":{"line":6,"column":8},"end":{"line":6,"column":76}},"type":"if","locations":[{"start":{"line":6,"column":8},"end":{"line":6,"column":76}},{"start":{},"end":{}}],"line":6}},"s":{"0":1,"1":1,"2":1,"3":1,"4":1,"5":1,"6":0,"7":1,"8":1,"9":0},"f":{"0":1},"b":{"0":[0,1]},"_coverageSchema":"1a1c01bbd47fc00a2c39e90264f33305004495a9","hash":"8c46292f093eb15e8cd7b49fbe9f4fc84725179a"}
,"D:\\Programming\\projects\\e-commerce-app\\models\\index.js": {"path":"D:\\Programming\\projects\\e-commerce-app\\models\\index.js","statementMap":{"0":{"start":{"line":1,"column":15},"end":{"line":1,"column":34}},"1":{"start":{"line":2,"column":34},"end":{"line":2,"column":54}},"2":{"start":{"line":4,"column":20},"end":{"line":11,"column":1}},"3":{"start":{"line":5,"column":4},"end":{"line":10,"column":5}},"4":{"start":{"line":6,"column":8},"end":{"line":6,"column":47}},"5":{"start":{"line":7,"column":8},"end":{"line":7,"column":34}},"6":{"start":{"line":9,"column":8},"end":{"line":9,"column":17}},"7":{"start":{"line":13,"column":0},"end":{"line":18,"column":1}}},"fnMap":{"0":{"name":"(anonymous_0)","decl":{"start":{"line":4,"column":20},"end":{"line":4,"column":21}},"loc":{"start":{"line":4,"column":26},"end":{"line":11,"column":1}},"line":4}},"branchMap":{},"s":{"0":3,"1":3,"2":3,"3":3,"4":3,"5":3,"6":0,"7":3},"f":{"0":3},"b":{},"_coverageSchema":"1a1c01bbd47fc00a2c39e90264f33305004495a9","hash":"38801766d909e8e271af81a9b6aea403d9dc2ffe"}
,"D:\\Programming\\projects\\e-commerce-app\\models\\orderModel.js": {"path":"D:\\Programming\\projects\\e-commerce-app\\models\\orderModel.js","statementMap":{"0":{"start":{"line":1,"column":15},"end":{"line":1,"column":34}},"1":{"start":{"line":2,"column":19},"end":{"line":2,"column":44}},"2":{"start":{"line":3,"column":25},"end":{"line":3,"column":45}},"3":{"start":{"line":4,"column":18},"end":{"line":12,"column":2}},"4":{"start":{"line":20,"column":4},"end":{"line":20,"column":75}},"5":{"start":{"line":20,"column":35},"end":{"line":20,"column":75}},"6":{"start":{"line":21,"column":4},"end":{"line":21,"column":42}},"7":{"start":{"line":24,"column":0},"end":{"line":27,"column":2}},"8":{"start":{"line":25,"column":16},"end":{"line":25,"column":44}},"9":{"start":{"line":26,"column":4},"end":{"line":26,"column":34}},"10":{"start":{"line":29,"column":0},"end":{"line":34,"column":2}},"11":{"start":{"line":30,"column":16},"end":{"line":30,"column":20}},"12":{"start":{"line":31,"column":4},"end":{"line":31,"column":84}},"13":{"start":{"line":32,"column":4},"end":{"line":32,"column":52}},"14":{"start":{"line":33,"column":4},"end":{"line":33,"column":11}},"15":{"start":{"line":36,"column":0},"end":{"line":36,"column":54}}},"fnMap":{"0":{"name":"toObjectId","decl":{"start":{"line":19,"column":9},"end":{"line":19,"column":19}},"loc":{"start":{"line":19,"column":25},"end":{"line":22,"column":1}},"line":19},"1":{"name":"(anonymous_1)","decl":{"start":{"line":24,"column":41},"end":{"line":24,"column":42}},"loc":{"start":{"line":24,"column":68},"end":{"line":27,"column":1}},"line":24},"2":{"name":"(anonymous_2)","decl":{"start":{"line":29,"column":24},"end":{"line":29,"column":25}},"loc":{"start":{"line":29,"column":46},"end":{"line":34,"column":1}},"line":29}},"branchMap":{"0":{"loc":{"start":{"line":20,"column":4},"end":{"line":20,"column":75}},"type":"if","locations":[{"start":{"line":20,"column":4},"end":{"line":20,"column":75}},{"start":{},"end":{}}],"line":20}},"s":{"0":3,"1":3,"2":3,"3":3,"4":0,"5":0,"6":0,"7":3,"8":0,"9":0,"10":3,"11":0,"12":0,"13":0,"14":0,"15":3},"f":{"0":0,"1":0,"2":0},"b":{"0":[0,0]},"_coverageSchema":"1a1c01bbd47fc00a2c39e90264f33305004495a9","hash":"083af4bdccae5828aec5f2874f8022b650e0acd9"}
,"D:\\Programming\\projects\\e-commerce-app\\models\\productModel.js": {"path":"D:\\Programming\\projects\\e-commerce-app\\models\\productModel.js","statementMap":{"0":{"start":{"line":1,"column":15},"end":{"line":1,"column":34}},"1":{"start":{"line":3,"column":20},"end":{"line":8,"column":2}},"2":{"start":{"line":10,"column":0},"end":{"line":12,"column":2}},"3":{"start":{"line":11,"column":4},"end":{"line":11,"column":70}},"4":{"start":{"line":14,"column":0},"end":{"line":21,"column":2}},"5":{"start":{"line":15,"column":21},"end":{"line":15,"column":22}},"6":{"start":{"line":16,"column":4},"end":{"line":19,"column":5}},"7":{"start":{"line":16,"column":17},"end":{"line":16,"column":18}},"8":{"start":{"line":17,"column":22},"end":{"line":17,"column":56}},"9":{"start":{"line":18,"column":8},"end":{"line":18,"column":43}},"10":{"start":{"line":20,"column":4},"end":{"line":20,"column":22}},"11":{"start":{"line":23,"column":0},"end":{"line":23,"column":58}}},"fnMap":{"0":{"name":"(anonymous_0)","decl":{"start":{"line":10,"column":45},"end":{"line":10,"column":46}},"loc":{"start":{"line":10,"column":63},"end":{"line":12,"column":1}},"line":10},"1":{"name":"(anonymous_1)","decl":{"start":{"line":14,"column":48},"end":{"line":14,"column":49}},"loc":{"start":{"line":14,"column":76},"end":{"line":21,"column":1}},"line":14}},"branchMap":{},"s":{"0":3,"1":3,"2":3,"3":0,"4":3,"5":0,"6":0,"7":0,"8":0,"9":0,"10":0,"11":3},"f":{"0":0,"1":0},"b":{},"_coverageSchema":"1a1c01bbd47fc00a2c39e90264f33305004495a9","hash":"f80d30ae37a88e94b2ccf36de490a6ff594bcce3"}
,"D:\\Programming\\projects\\e-commerce-app\\models\\userModel.js": {"path":"D:\\Programming\\projects\\e-commerce-app\\models\\userModel.js","statementMap":{"0":{"start":{"line":1,"column":15},"end":{"line":1,"column":34}},"1":{"start":{"line":2,"column":13},"end":{"line":2,"column":30}},"2":{"start":{"line":3,"column":21},"end":{"line":3,"column":44}},"3":{"start":{"line":4,"column":25},"end":{"line":4,"column":45}},"4":{"start":{"line":5,"column":32},"end":{"line":5,"column":52}},"5":{"start":{"line":7,"column":21},"end":{"line":9,"column":1}},"6":{"start":{"line":8,"column":4},"end":{"line":8,"column":69}},"7":{"start":{"line":11,"column":17},"end":{"line":17,"column":2}},"8":{"start":{"line":19,"column":0},"end":{"line":24,"column":2}},"9":{"start":{"line":20,"column":17},"end":{"line":20,"column":21}},"10":{"start":{"line":21,"column":25},"end":{"line":21,"column":52}},"11":{"start":{"line":22,"column":4},"end":{"line":22,"column":67}},"12":{"start":{"line":22,"column":37},"end":{"line":22,"column":67}},"13":{"start":{"line":23,"column":4},"end":{"line":23,"column":10}},"14":{"start":{"line":26,"column":0},"end":{"line":30,"column":2}},"15":{"start":{"line":27,"column":23},"end":{"line":27,"column":48}},"16":{"start":{"line":28,"column":4},"end":{"line":28,"column":107}},"17":{"start":{"line":28,"column":53},"end":{"line":28,"column":107}},"18":{"start":{"line":29,"column":4},"end":{"line":29,"column":10}},"19":{"start":{"line":33,"column":0},"end":{"line":48,"column":2}},"20":{"start":{"line":34,"column":4},"end":{"line":47,"column":5}},"21":{"start":{"line":35,"column":8},"end":{"line":35,"column":144}},"22":{"start":{"line":35,"column":70},"end":{"line":35,"column":144}},"23":{"start":{"line":36,"column":19},"end":{"line":43,"column":9}},"24":{"start":{"line":44,"column":8},"end":{"line":44,"column":78}},"25":{"start":{"line":46,"column":8},"end":{"line":46,"column":17}},"26":{"start":{"line":50,"column":0},"end":{"line":50,"column":52}}},"fnMap":{"0":{"name":"(anonymous_0)","decl":{"start":{"line":7,"column":21},"end":{"line":7,"column":22}},"loc":{"start":{"line":7,"column":35},"end":{"line":9,"column":1}},"line":7},"1":{"name":"(anonymous_1)","decl":{"start":{"line":19,"column":23},"end":{"line":19,"column":24}},"loc":{"start":{"line":19,"column":39},"end":{"line":24,"column":1}},"line":19},"2":{"name":"(anonymous_2)","decl":{"start":{"line":26,"column":26},"end":{"line":26,"column":27}},"loc":{"start":{"line":26,"column":42},"end":{"line":30,"column":1}},"line":26},"3":{"name":"(anonymous_3)","decl":{"start":{"line":33,"column":35},"end":{"line":33,"column":36}},"loc":{"start":{"line":33,"column":75},"end":{"line":48,"column":1}},"line":33}},"branchMap":{"0":{"loc":{"start":{"line":22,"column":4},"end":{"line":22,"column":67}},"type":"if","locations":[{"start":{"line":22,"column":4},"end":{"line":22,"column":67}},{"start":{},"end":{}}],"line":22},"1":{"loc":{"start":{"line":28,"column":4},"end":{"line":28,"column":107}},"type":"if","locations":[{"start":{"line":28,"column":4},"end":{"line":28,"column":107}},{"start":{},"end":{}}],"line":28},"2":{"loc":{"start":{"line":33,"column":57},"end":{"line":33,"column":73}},"type":"default-arg","locations":[{"start":{"line":33,"column":69},"end":{"line":33,"column":73}}],"line":33},"3":{"loc":{"start":{"line":35,"column":8},"end":{"line":35,"column":144}},"type":"if","locations":[{"start":{"line":35,"column":8},"end":{"line":35,"column":144}},{"start":{},"end":{}}],"line":35},"4":{"loc":{"start":{"line":35,"column":14},"end":{"line":35,"column":67}},"type":"binary-expr","locations":[{"start":{"line":35,"column":14},"end":{"line":35,"column":28}},{"start":{"line":35,"column":32},"end":{"line":35,"column":48}},{"start":{"line":35,"column":52},"end":{"line":35,"column":67}}],"line":35}},"s":{"0":3,"1":3,"2":3,"3":3,"4":3,"5":3,"6":4,"7":3,"8":3,"9":2,"10":2,"11":2,"12":2,"13":2,"14":3,"15":3,"16":3,"17":2,"18":3,"19":3,"20":1,"21":1,"22":0,"23":1,"24":1,"25":0,"26":3},"f":{"0":4,"1":2,"2":3,"3":1},"b":{"0":[2,0],"1":[2,1],"2":[1],"3":[0,1],"4":[1,1,1]},"_coverageSchema":"1a1c01bbd47fc00a2c39e90264f33305004495a9","hash":"8c0e13bd963a8187766cb1e41edd3e93987aa856"}
,"D:\\Programming\\projects\\e-commerce-app\\services\\index.js": {"path":"D:\\Programming\\projects\\e-commerce-app\\services\\index.js","statementMap":{"0":{"start":{"line":1,"column":0},"end":{"line":5,"column":1}}},"fnMap":{},"branchMap":{},"s":{"0":3},"f":{},"b":{},"_coverageSchema":"1a1c01bbd47fc00a2c39e90264f33305004495a9","hash":"3f71f99f53f5979f41491cc535d1d48c0e3cecf7"}
,"D:\\Programming\\projects\\e-commerce-app\\services\\orderServices.js": {"path":"D:\\Programming\\projects\\e-commerce-app\\services\\orderServices.js","statementMap":{"0":{"start":{"line":1,"column":61},"end":{"line":1,"column":81}},"1":{"start":{"line":2,"column":21},"end":{"line":2,"column":41}},"2":{"start":{"line":6,"column":8},"end":{"line":6,"column":32}},"3":{"start":{"line":9,"column":15},"end":{"line":15,"column":5}},"4":{"start":{"line":10,"column":8},"end":{"line":14,"column":9}},"5":{"start":{"line":11,"column":12},"end":{"line":11,"column":61}},"6":{"start":{"line":13,"column":12},"end":{"line":13,"column":22}},"7":{"start":{"line":17,"column":16},"end":{"line":23,"column":5}},"8":{"start":{"line":18,"column":8},"end":{"line":22,"column":9}},"9":{"start":{"line":19,"column":12},"end":{"line":19,"column":54}},"10":{"start":{"line":21,"column":12},"end":{"line":21,"column":22}},"11":{"start":{"line":25,"column":19},"end":{"line":35,"column":5}},"12":{"start":{"line":26,"column":26},"end":{"line":26,"column":35}},"13":{"start":{"line":27,"column":8},"end":{"line":31,"column":9}},"14":{"start":{"line":28,"column":12},"end":{"line":28,"column":65}},"15":{"start":{"line":30,"column":12},"end":{"line":30,"column":86}},"16":{"start":{"line":32,"column":8},"end":{"line":32,"column":105}},"17":{"start":{"line":32,"column":34},"end":{"line":32,"column":105}},"18":{"start":{"line":33,"column":8},"end":{"line":33,"column":27}},"19":{"start":{"line":37,"column":18},"end":{"line":44,"column":5}},"20":{"start":{"line":38,"column":8},"end":{"line":43,"column":9}},"21":{"start":{"line":39,"column":12},"end":{"line":39,"column":44}},"22":{"start":{"line":40,"column":12},"end":{"line":40,"column":76}},"23":{"start":{"line":42,"column":12},"end":{"line":42,"column":21}},"24":{"start":{"line":46,"column":18},"end":{"line":53,"column":5}},"25":{"start":{"line":47,"column":8},"end":{"line":52,"column":9}},"26":{"start":{"line":48,"column":12},"end":{"line":48,"column":44}},"27":{"start":{"line":49,"column":12},"end":{"line":49,"column":67}},"28":{"start":{"line":51,"column":12},"end":{"line":51,"column":21}},"29":{"start":{"line":55,"column":21},"end":{"line":64,"column":5}},"30":{"start":{"line":56,"column":20},"end":{"line":56,"column":29}},"31":{"start":{"line":57,"column":8},"end":{"line":61,"column":9}},"32":{"start":{"line":58,"column":12},"end":{"line":58,"column":52}},"33":{"start":{"line":60,"column":12},"end":{"line":60,"column":21}},"34":{"start":{"line":62,"column":8},"end":{"line":62,"column":109}},"35":{"start":{"line":62,"column":37},"end":{"line":62,"column":109}},"36":{"start":{"line":63,"column":8},"end":{"line":63,"column":63}},"37":{"start":{"line":67,"column":0},"end":{"line":67,"column":47}}},"fnMap":{"0":{"name":"(anonymous_0)","decl":{"start":{"line":5,"column":4},"end":{"line":5,"column":5}},"loc":{"start":{"line":5,"column":23},"end":{"line":7,"column":5}},"line":5},"1":{"name":"(anonymous_1)","decl":{"start":{"line":9,"column":15},"end":{"line":9,"column":16}},"loc":{"start":{"line":9,"column":38},"end":{"line":15,"column":5}},"line":9},"2":{"name":"(anonymous_2)","decl":{"start":{"line":17,"column":16},"end":{"line":17,"column":17}},"loc":{"start":{"line":17,"column":39},"end":{"line":23,"column":5}},"line":17},"3":{"name":"(anonymous_3)","decl":{"start":{"line":25,"column":19},"end":{"line":25,"column":20}},"loc":{"start":{"line":25,"column":38},"end":{"line":35,"column":5}},"line":25},"4":{"name":"(anonymous_4)","decl":{"start":{"line":37,"column":18},"end":{"line":37,"column":19}},"loc":{"start":{"line":37,"column":46},"end":{"line":44,"column":5}},"line":37},"5":{"name":"(anonymous_5)","decl":{"start":{"line":46,"column":18},"end":{"line":46,"column":19}},"loc":{"start":{"line":46,"column":37},"end":{"line":53,"column":5}},"line":46},"6":{"name":"(anonymous_6)","decl":{"start":{"line":55,"column":21},"end":{"line":55,"column":22}},"loc":{"start":{"line":55,"column":48},"end":{"line":64,"column":5}},"line":55}},"branchMap":{"0":{"loc":{"start":{"line":17,"column":23},"end":{"line":17,"column":34}},"type":"default-arg","locations":[{"start":{"line":17,"column":32},"end":{"line":17,"column":34}}],"line":17},"1":{"loc":{"start":{"line":32,"column":8},"end":{"line":32,"column":105}},"type":"if","locations":[{"start":{"line":32,"column":8},"end":{"line":32,"column":105}},{"start":{},"end":{}}],"line":32},"2":{"loc":{"start":{"line":62,"column":8},"end":{"line":62,"column":109}},"type":"if","locations":[{"start":{"line":62,"column":8},"end":{"line":62,"column":109}},{"start":{},"end":{}}],"line":62}},"s":{"0":3,"1":3,"2":3,"3":3,"4":0,"5":0,"6":0,"7":3,"8":0,"9":0,"10":0,"11":3,"12":0,"13":0,"14":0,"15":0,"16":0,"17":0,"18":0,"19":3,"20":0,"21":0,"22":0,"23":0,"24":3,"25":0,"26":0,"27":0,"28":0,"29":3,"30":0,"31":0,"32":0,"33":0,"34":0,"35":0,"36":0,"37":3},"f":{"0":3,"1":0,"2":0,"3":0,"4":0,"5":0,"6":0},"b":{"0":[0],"1":[0,0],"2":[0,0]},"_coverageSchema":"1a1c01bbd47fc00a2c39e90264f33305004495a9","hash":"fc81e86667d59debef10194115e7fdd3e70b6b10"}
,"D:\\Programming\\projects\\e-commerce-app\\services\\productServices.js": {"path":"D:\\Programming\\projects\\e-commerce-app\\services\\productServices.js","statementMap":{"0":{"start":{"line":1,"column":45},"end":{"line":1,"column":65}},"1":{"start":{"line":2,"column":23},"end":{"line":2,"column":43}},"2":{"start":{"line":6,"column":8},"end":{"line":6,"column":34}},"3":{"start":{"line":9,"column":17},"end":{"line":15,"column":5}},"4":{"start":{"line":10,"column":8},"end":{"line":14,"column":9}},"5":{"start":{"line":11,"column":12},"end":{"line":11,"column":65}},"6":{"start":{"line":13,"column":12},"end":{"line":13,"column":22}},"7":{"start":{"line":17,"column":27},"end":{"line":23,"column":5}},"8":{"start":{"line":18,"column":8},"end":{"line":22,"column":9}},"9":{"start":{"line":19,"column":12},"end":{"line":19,"column":66}},"10":{"start":{"line":21,"column":12},"end":{"line":21,"column":22}},"11":{"start":{"line":25,"column":18},"end":{"line":31,"column":5}},"12":{"start":{"line":26,"column":8},"end":{"line":30,"column":9}},"13":{"start":{"line":27,"column":12},"end":{"line":27,"column":56}},"14":{"start":{"line":29,"column":12},"end":{"line":29,"column":22}},"15":{"start":{"line":33,"column":21},"end":{"line":42,"column":5}},"16":{"start":{"line":34,"column":26},"end":{"line":34,"column":35}},"17":{"start":{"line":35,"column":8},"end":{"line":39,"column":9}},"18":{"start":{"line":36,"column":12},"end":{"line":36,"column":69}},"19":{"start":{"line":38,"column":12},"end":{"line":38,"column":96}},"20":{"start":{"line":40,"column":8},"end":{"line":40,"column":109}},"21":{"start":{"line":40,"column":34},"end":{"line":40,"column":109}},"22":{"start":{"line":41,"column":8},"end":{"line":41,"column":27}},"23":{"start":{"line":44,"column":20},"end":{"line":51,"column":5}},"24":{"start":{"line":45,"column":8},"end":{"line":50,"column":9}},"25":{"start":{"line":46,"column":12},"end":{"line":46,"column":48}},"26":{"start":{"line":47,"column":12},"end":{"line":47,"column":93}},"27":{"start":{"line":49,"column":12},"end":{"line":49,"column":21}},"28":{"start":{"line":53,"column":20},"end":{"line":60,"column":5}},"29":{"start":{"line":54,"column":8},"end":{"line":59,"column":9}},"30":{"start":{"line":55,"column":12},"end":{"line":55,"column":48}},"31":{"start":{"line":56,"column":12},"end":{"line":56,"column":71}},"32":{"start":{"line":58,"column":12},"end":{"line":58,"column":21}},"33":{"start":{"line":63,"column":0},"end":{"line":63,"column":51}}},"fnMap":{"0":{"name":"(anonymous_0)","decl":{"start":{"line":5,"column":4},"end":{"line":5,"column":5}},"loc":{"start":{"line":5,"column":23},"end":{"line":7,"column":5}},"line":5},"1":{"name":"(anonymous_1)","decl":{"start":{"line":9,"column":17},"end":{"line":9,"column":18}},"loc":{"start":{"line":9,"column":42},"end":{"line":15,"column":5}},"line":9},"2":{"name":"(anonymous_2)","decl":{"start":{"line":17,"column":27},"end":{"line":17,"column":28}},"loc":{"start":{"line":17,"column":39},"end":{"line":23,"column":5}},"line":17},"3":{"name":"(anonymous_3)","decl":{"start":{"line":25,"column":18},"end":{"line":25,"column":19}},"loc":{"start":{"line":25,"column":41},"end":{"line":31,"column":5}},"line":25},"4":{"name":"(anonymous_4)","decl":{"start":{"line":33,"column":21},"end":{"line":33,"column":22}},"loc":{"start":{"line":33,"column":42},"end":{"line":42,"column":5}},"line":33},"5":{"name":"(anonymous_5)","decl":{"start":{"line":44,"column":20},"end":{"line":44,"column":21}},"loc":{"start":{"line":44,"column":50},"end":{"line":51,"column":5}},"line":44},"6":{"name":"(anonymous_6)","decl":{"start":{"line":53,"column":20},"end":{"line":53,"column":21}},"loc":{"start":{"line":53,"column":41},"end":{"line":60,"column":5}},"line":53}},"branchMap":{"0":{"loc":{"start":{"line":25,"column":25},"end":{"line":25,"column":36}},"type":"default-arg","locations":[{"start":{"line":25,"column":34},"end":{"line":25,"column":36}}],"line":25},"1":{"loc":{"start":{"line":40,"column":8},"end":{"line":40,"column":109}},"type":"if","locations":[{"start":{"line":40,"column":8},"end":{"line":40,"column":109}},{"start":{},"end":{}}],"line":40}},"s":{"0":3,"1":3,"2":3,"3":3,"4":5,"5":5,"6":0,"7":3,"8":0,"9":0,"10":0,"11":3,"12":1,"13":1,"14":0,"15":3,"16":5,"17":5,"18":5,"19":0,"20":5,"21":1,"22":4,"23":3,"24":1,"25":1,"26":1,"27":0,"28":3,"29":2,"30":2,"31":2,"32":0,"33":3},"f":{"0":3,"1":5,"2":0,"3":1,"4":5,"5":1,"6":2},"b":{"0":[1],"1":[1,4]},"_coverageSchema":"1a1c01bbd47fc00a2c39e90264f33305004495a9","hash":"325522a534df50afdfac97d54bfdff10c9b7b345"}
,"D:\\Programming\\projects\\e-commerce-app\\services\\userServices.js": {"path":"D:\\Programming\\projects\\e-commerce-app\\services\\userServices.js","statementMap":{"0":{"start":{"line":1,"column":22},"end":{"line":1,"column":42}},"1":{"start":{"line":2,"column":77},"end":{"line":2,"column":97}},"2":{"start":{"line":3,"column":35},"end":{"line":3,"column":78}},"3":{"start":{"line":6,"column":8},"end":{"line":6,"column":30}},"4":{"start":{"line":14,"column":14},"end":{"line":21,"column":5}},"5":{"start":{"line":15,"column":8},"end":{"line":20,"column":9}},"6":{"start":{"line":16,"column":12},"end":{"line":16,"column":53}},"7":{"start":{"line":18,"column":12},"end":{"line":18,"column":113}},"8":{"start":{"line":18,"column":53},"end":{"line":18,"column":113}},"9":{"start":{"line":19,"column":12},"end":{"line":19,"column":21}},"10":{"start":{"line":28,"column":20},"end":{"line":32,"column":5}},"11":{"start":{"line":29,"column":26},"end":{"line":29,"column":66}},"12":{"start":{"line":30,"column":8},"end":{"line":30,"column":47}},"13":{"start":{"line":30,"column":34},"end":{"line":30,"column":47}},"14":{"start":{"line":31,"column":8},"end":{"line":31,"column":26}},"15":{"start":{"line":34,"column":19},"end":{"line":38,"column":5}},"16":{"start":{"line":35,"column":26},"end":{"line":35,"column":63}},"17":{"start":{"line":36,"column":8},"end":{"line":36,"column":47}},"18":{"start":{"line":36,"column":34},"end":{"line":36,"column":47}},"19":{"start":{"line":37,"column":8},"end":{"line":37,"column":20}},"20":{"start":{"line":40,"column":18},"end":{"line":44,"column":5}},"21":{"start":{"line":41,"column":26},"end":{"line":41,"column":63}},"22":{"start":{"line":42,"column":8},"end":{"line":42,"column":98}},"23":{"start":{"line":42,"column":34},"end":{"line":42,"column":98}},"24":{"start":{"line":43,"column":8},"end":{"line":43,"column":27}},"25":{"start":{"line":52,"column":21},"end":{"line":56,"column":5}},"26":{"start":{"line":53,"column":26},"end":{"line":53,"column":72}},"27":{"start":{"line":54,"column":8},"end":{"line":54,"column":104}},"28":{"start":{"line":54,"column":34},"end":{"line":54,"column":104}},"29":{"start":{"line":55,"column":8},"end":{"line":55,"column":27}},"30":{"start":{"line":58,"column":22},"end":{"line":62,"column":5}},"31":{"start":{"line":59,"column":26},"end":{"line":59,"column":72}},"32":{"start":{"line":60,"column":8},"end":{"line":60,"column":47}},"33":{"start":{"line":60,"column":34},"end":{"line":60,"column":47}},"34":{"start":{"line":61,"column":8},"end":{"line":61,"column":19}},"35":{"start":{"line":64,"column":15},"end":{"line":66,"column":5}},"36":{"start":{"line":65,"column":8},"end":{"line":65,"column":39}},"37":{"start":{"line":68,"column":21},"end":{"line":76,"column":5}},"38":{"start":{"line":69,"column":8},"end":{"line":75,"column":9}},"39":{"start":{"line":70,"column":25},"end":{"line":70,"column":55}},"40":{"start":{"line":71,"column":12},"end":{"line":71,"column":100}},"41":{"start":{"line":71,"column":34},"end":{"line":71,"column":100}},"42":{"start":{"line":72,"column":12},"end":{"line":72,"column":26}},"43":{"start":{"line":74,"column":12},"end":{"line":74,"column":21}},"44":{"start":{"line":78,"column":17},"end":{"line":85,"column":5}},"45":{"start":{"line":79,"column":8},"end":{"line":84,"column":9}},"46":{"start":{"line":80,"column":12},"end":{"line":80,"column":42}},"47":{"start":{"line":81,"column":12},"end":{"line":81,"column":65}},"48":{"start":{"line":83,"column":12},"end":{"line":83,"column":21}},"49":{"start":{"line":87,"column":12},"end":{"line":94,"column":5}},"50":{"start":{"line":88,"column":8},"end":{"line":93,"column":9}},"51":{"start":{"line":89,"column":31},"end":{"line":89,"column":62}},"52":{"start":{"line":90,"column":12},"end":{"line":90,"column":61}},"53":{"start":{"line":92,"column":12},"end":{"line":92,"column":21}},"54":{"start":{"line":97,"column":0},"end":{"line":97,"column":45}}},"fnMap":{"0":{"name":"(anonymous_0)","decl":{"start":{"line":5,"column":4},"end":{"line":5,"column":5}},"loc":{"start":{"line":5,"column":23},"end":{"line":7,"column":5}},"line":5},"1":{"name":"(anonymous_1)","decl":{"start":{"line":14,"column":14},"end":{"line":14,"column":15}},"loc":{"start":{"line":14,"column":36},"end":{"line":21,"column":5}},"line":14},"2":{"name":"(anonymous_2)","decl":{"start":{"line":28,"column":20},"end":{"line":28,"column":21}},"loc":{"start":{"line":28,"column":42},"end":{"line":32,"column":5}},"line":28},"3":{"name":"(anonymous_3)","decl":{"start":{"line":34,"column":19},"end":{"line":34,"column":20}},"loc":{"start":{"line":34,"column":37},"end":{"line":38,"column":5}},"line":34},"4":{"name":"(anonymous_4)","decl":{"start":{"line":40,"column":18},"end":{"line":40,"column":19}},"loc":{"start":{"line":40,"column":36},"end":{"line":44,"column":5}},"line":40},"5":{"name":"(anonymous_5)","decl":{"start":{"line":52,"column":21},"end":{"line":52,"column":22}},"loc":{"start":{"line":52,"column":38},"end":{"line":56,"column":5}},"line":52},"6":{"name":"(anonymous_6)","decl":{"start":{"line":58,"column":22},"end":{"line":58,"column":23}},"loc":{"start":{"line":58,"column":39},"end":{"line":62,"column":5}},"line":58},"7":{"name":"(anonymous_7)","decl":{"start":{"line":64,"column":15},"end":{"line":64,"column":16}},"loc":{"start":{"line":64,"column":27},"end":{"line":66,"column":5}},"line":64},"8":{"name":"(anonymous_8)","decl":{"start":{"line":68,"column":21},"end":{"line":68,"column":22}},"loc":{"start":{"line":68,"column":37},"end":{"line":76,"column":5}},"line":68},"9":{"name":"(anonymous_9)","decl":{"start":{"line":78,"column":17},"end":{"line":78,"column":18}},"loc":{"start":{"line":78,"column":35},"end":{"line":85,"column":5}},"line":78},"10":{"name":"(anonymous_10)","decl":{"start":{"line":87,"column":12},"end":{"line":87,"column":13}},"loc":{"start":{"line":87,"column":28},"end":{"line":94,"column":5}},"line":87}},"branchMap":{"0":{"loc":{"start":{"line":18,"column":12},"end":{"line":18,"column":113}},"type":"if","locations":[{"start":{"line":18,"column":12},"end":{"line":18,"column":113}},{"start":{},"end":{}}],"line":18},"1":{"loc":{"start":{"line":30,"column":8},"end":{"line":30,"column":47}},"type":"if","locations":[{"start":{"line":30,"column":8},"end":{"line":30,"column":47}},{"start":{},"end":{}}],"line":30},"2":{"loc":{"start":{"line":36,"column":8},"end":{"line":36,"column":47}},"type":"if","locations":[{"start":{"line":36,"column":8},"end":{"line":36,"column":47}},{"start":{},"end":{}}],"line":36},"3":{"loc":{"start":{"line":42,"column":8},"end":{"line":42,"column":98}},"type":"if","locations":[{"start":{"line":42,"column":8},"end":{"line":42,"column":98}},{"start":{},"end":{}}],"line":42},"4":{"loc":{"start":{"line":54,"column":8},"end":{"line":54,"column":104}},"type":"if","locations":[{"start":{"line":54,"column":8},"end":{"line":54,"column":104}},{"start":{},"end":{}}],"line":54},"5":{"loc":{"start":{"line":60,"column":8},"end":{"line":60,"column":47}},"type":"if","locations":[{"start":{"line":60,"column":8},"end":{"line":60,"column":47}},{"start":{},"end":{}}],"line":60},"6":{"loc":{"start":{"line":71,"column":12},"end":{"line":71,"column":100}},"type":"if","locations":[{"start":{"line":71,"column":12},"end":{"line":71,"column":100}},{"start":{},"end":{}}],"line":71}},"s":{"0":3,"1":3,"2":3,"3":3,"4":3,"5":2,"6":2,"7":2,"8":2,"9":0,"10":3,"11":2,"12":2,"13":1,"14":1,"15":3,"16":0,"17":0,"18":0,"19":0,"20":3,"21":0,"22":0,"23":0,"24":0,"25":3,"26":1,"27":1,"28":0,"29":1,"30":3,"31":0,"32":0,"33":0,"34":0,"35":3,"36":1,"37":3,"38":2,"39":2,"40":2,"41":1,"42":1,"43":1,"44":3,"45":0,"46":0,"47":0,"48":0,"49":3,"50":2,"51":2,"52":1,"53":1,"54":3},"f":{"0":3,"1":2,"2":2,"3":0,"4":0,"5":1,"6":0,"7":1,"8":2,"9":0,"10":2},"b":{"0":[2,0],"1":[1,1],"2":[0,0],"3":[0,0],"4":[0,1],"5":[0,0],"6":[1,1]},"_coverageSchema":"1a1c01bbd47fc00a2c39e90264f33305004495a9","hash":"42601fce5a27d6be89a3294b5593bd3a7e8a5872"}
,"D:\\Programming\\projects\\e-commerce-app\\validation\\index.js": {"path":"D:\\Programming\\projects\\e-commerce-app\\validation\\index.js","statementMap":{"0":{"start":{"line":1,"column":28},"end":{"line":1,"column":48}},"1":{"start":{"line":3,"column":0},"end":{"line":7,"column":1}},"2":{"start":{"line":16,"column":0},"end":{"line":22,"column":1}},"3":{"start":{"line":17,"column":4},"end":{"line":21,"column":5}},"4":{"start":{"line":18,"column":8},"end":{"line":18,"column":65}},"5":{"start":{"line":20,"column":8},"end":{"line":20,"column":68}}},"fnMap":{"0":{"name":"(anonymous_0)","decl":{"start":{"line":16,"column":26},"end":{"line":16,"column":27}},"loc":{"start":{"line":16,"column":68},"end":{"line":22,"column":1}},"line":16}},"branchMap":{},"s":{"0":3,"1":3,"2":3,"3":3,"4":3,"5":3},"f":{"0":3},"b":{},"_coverageSchema":"1a1c01bbd47fc00a2c39e90264f33305004495a9","hash":"8f509461e3ed7c79c206f15c32e78a38bde34f90"}
,"D:\\Programming\\projects\\e-commerce-app\\validation\\orderSchema.js": {"path":"D:\\Programming\\projects\\e-commerce-app\\validation\\orderSchema.js","statementMap":{"0":{"start":{"line":1,"column":12},"end":{"line":1,"column":26}},"1":{"start":{"line":2,"column":0},"end":{"line":7,"column":2}}},"fnMap":{},"branchMap":{},"s":{"0":3,"1":3},"f":{},"b":{},"_coverageSchema":"1a1c01bbd47fc00a2c39e90264f33305004495a9","hash":"6a2464b7b4ce42d4d9f4b552eb438da5ae6e8309"}
,"D:\\Programming\\projects\\e-commerce-app\\validation\\productSchema.js": {"path":"D:\\Programming\\projects\\e-commerce-app\\validation\\productSchema.js","statementMap":{"0":{"start":{"line":1,"column":12},"end":{"line":1,"column":26}},"1":{"start":{"line":2,"column":19},"end":{"line":2,"column":57}},"2":{"start":{"line":3,"column":20},"end":{"line":3,"column":50}},"3":{"start":{"line":4,"column":0},"end":{"line":8,"column":2}}},"fnMap":{},"branchMap":{},"s":{"0":3,"1":3,"2":3,"3":3},"f":{},"b":{},"_coverageSchema":"1a1c01bbd47fc00a2c39e90264f33305004495a9","hash":"9df2aa8ec8fcf074d1d7f2c86e6e8e9b2a45d382"}
,"D:\\Programming\\projects\\e-commerce-app\\validation\\userSchema.js": {"path":"D:\\Programming\\projects\\e-commerce-app\\validation\\userSchema.js","statementMap":{"0":{"start":{"line":1,"column":12},"end":{"line":1,"column":26}},"1":{"start":{"line":3,"column":19},"end":{"line":3,"column":57}},"2":{"start":{"line":4,"column":20},"end":{"line":4,"column":58}},"3":{"start":{"line":5,"column":23},"end":{"line":5,"column":61}},"4":{"start":{"line":7,"column":0},"end":{"line":12,"column":3}},"5":{"start":{"line":14,"column":0},"end":{"line":17,"column":3}}},"fnMap":{},"branchMap":{},"s":{"0":3,"1":3,"2":3,"3":3,"4":3,"5":3},"f":{},"b":{},"_coverageSchema":"1a1c01bbd47fc00a2c39e90264f33305004495a9","hash":"f5aaff6be07272be92e58622da99dd604a4876dc"}
}
