TN:
SF:config\databaseUri.js
FN:20,getDbUri
FNF:1
FNH:1
FNDA:3,getDbUri
DA:8,3
DA:21,3
DA:24,3
LF:3
LH:3
BRF:0
BRH:0
end_of_record
TN:
SF:config\index.js
FNF:0
FNH:0
DA:1,3
LF:1
LH:1
BRF:0
BRH:0
end_of_record
TN:
SF:config\constants\index.js
FNF:0
FNH:0
DA:1,3
LF:1
LH:1
BRF:0
BRH:0
end_of_record
TN:
SF:errors\BaseError.js
FN:4,(anonymous_0)
FNF:1
FNH:1
FNDA:7,(anonymous_0)
DA:1,3
DA:2,3
DA:3,7
DA:5,7
DA:6,7
LF:5
LH:5
BRDA:4,0,0,0
BRF:1
BRH:0
end_of_record
TN:
SF:errors\ForbiddenError.js
FN:4,(anonymous_0)
FNF:1
FNH:0
FNDA:0,(anonymous_0)
DA:1,3
DA:2,3
DA:3,3
DA:5,0
LF:4
LH:3
BRF:0
BRH:0
end_of_record
TN:
SF:errors\InternalServerError.js
FN:4,(anonymous_0)
FNF:1
FNH:0
FNDA:0,(anonymous_0)
DA:1,3
DA:2,3
DA:3,3
DA:5,0
LF:4
LH:3
BRF:0
BRH:0
end_of_record
TN:
SF:errors\InvalidDuplicateEntryError.js
FN:4,(anonymous_0)
FNF:1
FNH:1
FNDA:2,(anonymous_0)
DA:1,3
DA:2,3
DA:3,3
DA:5,2
LF:4
LH:4
BRF:0
BRH:0
end_of_record
TN:
SF:errors\NotAuthenticatedError.js
FN:4,(anonymous_0)
FNF:1
FNH:1
FNDA:1,(anonymous_0)
DA:1,3
DA:2,3
DA:3,3
DA:5,1
LF:4
LH:4
BRF:0
BRH:0
end_of_record
TN:
SF:errors\NotFoundError.js
FN:4,(anonymous_0)
FNF:1
FNH:1
FNDA:1,(anonymous_0)
DA:1,3
DA:2,3
DA:3,3
DA:5,1
LF:4
LH:4
BRF:0
BRH:0
end_of_record
TN:
SF:errors\ValidationError.js
FN:4,(anonymous_0)
FN:9,(anonymous_1)
FNF:2
FNH:1
FNDA:3,(anonymous_0)
FNDA:0,(anonymous_1)
DA:1,3
DA:2,3
DA:3,3
DA:5,3
DA:6,3
DA:10,0
LF:6
LH:5
BRDA:4,0,0,0
BRF:1
BRH:0
end_of_record
TN:
SF:errors\index.js
FNF:0
FNH:0
DA:1,3
LF:1
LH:1
BRF:0
BRH:0
end_of_record
TN:
SF:middleware\verifyUserToken.js
FN:4,(anonymous_0)
FNF:1
FNH:1
FNDA:1,(anonymous_0)
DA:1,1
DA:2,1
DA:3,1
DA:4,1
DA:5,1
DA:6,1
DA:7,1
DA:8,1
DA:10,0
LF:9
LH:8
BRDA:6,0,0,0
BRDA:6,0,1,1
BRF:2
BRH:1
end_of_record
TN:
SF:models\index.js
FN:4,(anonymous_0)
FNF:1
FNH:1
FNDA:3,(anonymous_0)
DA:1,3
DA:2,3
DA:4,3
DA:5,3
DA:6,3
DA:7,3
DA:9,0
DA:13,3
LF:8
LH:7
BRF:0
BRH:0
end_of_record
TN:
SF:models\orderModel.js
FN:19,toObjectId
FN:24,(anonymous_1)
FN:29,(anonymous_2)
FNF:3
FNH:0
FNDA:0,toObjectId
FNDA:0,(anonymous_1)
FNDA:0,(anonymous_2)
DA:1,3
DA:2,3
DA:3,3
DA:4,3
DA:20,0
DA:21,0
DA:24,3
DA:25,0
DA:26,0
DA:29,3
DA:30,0
DA:31,0
DA:32,0
DA:33,0
DA:36,3
LF:15
LH:7
BRDA:20,0,0,0
BRDA:20,0,1,0
BRF:2
BRH:0
end_of_record
TN:
SF:models\productModel.js
FN:10,(anonymous_0)
FN:14,(anonymous_1)
FNF:2
FNH:0
FNDA:0,(anonymous_0)
FNDA:0,(anonymous_1)
DA:1,3
DA:3,3
DA:10,3
DA:11,0
DA:14,3
DA:15,0
DA:16,0
DA:17,0
DA:18,0
DA:20,0
DA:23,3
LF:11
LH:5
BRF:0
BRH:0
end_of_record
TN:
SF:models\userModel.js
FN:7,(anonymous_0)
FN:19,(anonymous_1)
FN:26,(anonymous_2)
FN:33,(anonymous_3)
FNF:4
FNH:4
FNDA:4,(anonymous_0)
FNDA:2,(anonymous_1)
FNDA:3,(anonymous_2)
FNDA:1,(anonymous_3)
DA:1,3
DA:2,3
DA:3,3
DA:4,3
DA:5,3
DA:7,3
DA:8,4
DA:11,3
DA:19,3
DA:20,2
DA:21,2
DA:22,2
DA:23,2
DA:26,3
DA:27,3
DA:28,3
DA:29,3
DA:33,3
DA:34,1
DA:35,1
DA:36,1
DA:44,1
DA:46,0
DA:50,3
LF:24
LH:23
BRDA:22,0,0,2
BRDA:22,0,1,0
BRDA:28,1,0,2
BRDA:28,1,1,1
BRDA:33,2,0,1
BRDA:35,3,0,0
BRDA:35,3,1,1
BRDA:35,4,0,1
BRDA:35,4,1,1
BRDA:35,4,2,1
BRF:10
BRH:8
end_of_record
TN:
SF:services\index.js
FNF:0
FNH:0
DA:1,3
LF:1
LH:1
BRF:0
BRH:0
end_of_record
TN:
SF:services\orderServices.js
FN:5,(anonymous_0)
FN:9,(anonymous_1)
FN:17,(anonymous_2)
FN:25,(anonymous_3)
FN:37,(anonymous_4)
FN:46,(anonymous_5)
FN:55,(anonymous_6)
FNF:7
FNH:1
FNDA:3,(anonymous_0)
FNDA:0,(anonymous_1)
FNDA:0,(anonymous_2)
FNDA:0,(anonymous_3)
FNDA:0,(anonymous_4)
FNDA:0,(anonymous_5)
FNDA:0,(anonymous_6)
DA:1,3
DA:2,3
DA:6,3
DA:9,3
DA:10,0
DA:11,0
DA:13,0
DA:17,3
DA:18,0
DA:19,0
DA:21,0
DA:25,3
DA:26,0
DA:27,0
DA:28,0
DA:30,0
DA:32,0
DA:33,0
DA:37,3
DA:38,0
DA:39,0
DA:40,0
DA:42,0
DA:46,3
DA:47,0
DA:48,0
DA:49,0
DA:51,0
DA:55,3
DA:56,0
DA:57,0
DA:58,0
DA:60,0
DA:62,0
DA:63,0
DA:67,3
LF:36
LH:10
BRDA:17,0,0,0
BRDA:32,1,0,0
BRDA:32,1,1,0
BRDA:62,2,0,0
BRDA:62,2,1,0
BRF:5
BRH:0
end_of_record
TN:
SF:services\productServices.js
FN:5,(anonymous_0)
FN:9,(anonymous_1)
FN:17,(anonymous_2)
FN:25,(anonymous_3)
FN:33,(anonymous_4)
FN:44,(anonymous_5)
FN:53,(anonymous_6)
FNF:7
FNH:6
FNDA:3,(anonymous_0)
FNDA:5,(anonymous_1)
FNDA:0,(anonymous_2)
FNDA:1,(anonymous_3)
FNDA:5,(anonymous_4)
FNDA:1,(anonymous_5)
FNDA:2,(anonymous_6)
DA:1,3
DA:2,3
DA:6,3
DA:9,3
DA:10,5
DA:11,5
DA:13,0
DA:17,3
DA:18,0
DA:19,0
DA:21,0
DA:25,3
DA:26,1
DA:27,1
DA:29,0
DA:33,3
DA:34,5
DA:35,5
DA:36,5
DA:38,0
DA:40,5
DA:41,4
DA:44,3
DA:45,1
DA:46,1
DA:47,1
DA:49,0
DA:53,3
DA:54,2
DA:55,2
DA:56,2
DA:58,0
DA:63,3
LF:33
LH:25
BRDA:25,0,0,1
BRDA:40,1,0,1
BRDA:40,1,1,4
BRF:3
BRH:3
end_of_record
TN:
SF:services\userServices.js
FN:5,(anonymous_0)
FN:14,(anonymous_1)
FN:28,(anonymous_2)
FN:34,(anonymous_3)
FN:40,(anonymous_4)
FN:52,(anonymous_5)
FN:58,(anonymous_6)
FN:64,(anonymous_7)
FN:68,(anonymous_8)
FN:78,(anonymous_9)
FN:87,(anonymous_10)
FNF:11
FNH:7
FNDA:3,(anonymous_0)
FNDA:2,(anonymous_1)
FNDA:2,(anonymous_2)
FNDA:0,(anonymous_3)
FNDA:0,(anonymous_4)
FNDA:1,(anonymous_5)
FNDA:0,(anonymous_6)
FNDA:1,(anonymous_7)
FNDA:2,(anonymous_8)
FNDA:0,(anonymous_9)
FNDA:2,(anonymous_10)
DA:1,3
DA:2,3
DA:3,3
DA:6,3
DA:14,3
DA:15,2
DA:16,2
DA:18,2
DA:19,0
DA:28,3
DA:29,2
DA:30,2
DA:31,1
DA:34,3
DA:35,0
DA:36,0
DA:37,0
DA:40,3
DA:41,0
DA:42,0
DA:43,0
DA:52,3
DA:53,1
DA:54,1
DA:55,1
DA:58,3
DA:59,0
DA:60,0
DA:61,0
DA:64,3
DA:65,1
DA:68,3
DA:69,2
DA:70,2
DA:71,2
DA:72,1
DA:74,1
DA:78,3
DA:79,0
DA:80,0
DA:81,0
DA:83,0
DA:87,3
DA:88,2
DA:89,2
DA:90,1
DA:92,1
DA:97,3
LF:48
LH:34
BRDA:18,0,0,2
BRDA:18,0,1,0
BRDA:30,1,0,1
BRDA:30,1,1,1
BRDA:36,2,0,0
BRDA:36,2,1,0
BRDA:42,3,0,0
BRDA:42,3,1,0
BRDA:54,4,0,0
BRDA:54,4,1,1
BRDA:60,5,0,0
BRDA:60,5,1,0
BRDA:71,6,0,1
BRDA:71,6,1,1
BRF:14
BRH:6
end_of_record
TN:
SF:validation\index.js
FN:16,(anonymous_0)
FNF:1
FNH:1
FNDA:3,(anonymous_0)
DA:1,3
DA:3,3
DA:16,3
DA:17,3
DA:18,3
DA:20,3
LF:6
LH:6
BRF:0
BRH:0
end_of_record
TN:
SF:validation\orderSchema.js
FNF:0
FNH:0
DA:1,3
DA:2,3
LF:2
LH:2
BRF:0
BRH:0
end_of_record
TN:
SF:validation\productSchema.js
FNF:0
FNH:0
DA:1,3
DA:2,3
DA:3,3
DA:4,3
LF:4
LH:4
BRF:0
BRH:0
end_of_record
TN:
SF:validation\userSchema.js
FNF:0
FNH:0
DA:1,3
DA:3,3
DA:4,3
DA:5,3
DA:7,3
DA:14,3
LF:6
LH:6
BRF:0
BRH:0
end_of_record
